<?xml version="1.0" encoding="UTF-8"?>
<!-- Generated by org.testng.reporters.JUnitReportReporter -->
<testsuite skipped="0" hostname="AbhinandanPatil" name="db.Connectdatabase" tests="1" failures="0" timestamp="21 Aug 2019 09:37:32 GMT" time="0.206" errors="0">
  <testcase name="testDB" time="0.206" classname="db.Connectdatabase"/>
</testsuite> <!-- db.Connectdatabase -->
