<?xml version="1.0" encoding="UTF-8"?>
<!-- Generated by org.testng.reporters.JUnitReportReporter -->
<testsuite skipped="0" hostname="abhinandan_patil" name="mes.testcase.verifymesLogin" tests="1" failures="0" timestamp="2019-11-18T12:03:04 IST" time="125.518" errors="0">
  <testcase name="verifyValidlogin" time="125.518" classname="mes.testcase.verifymesLogin"/>
</testsuite> <!-- mes.testcase.verifymesLogin -->
